<?xml version="1.0" encoding="UTF-8"?>
<!-- Generated by org.testng.reporters.JUnitReportReporter -->
<testsuite hostname="DESKTOP-E05HBQO" failures="0" tests="3" name="runners.TestRunner" time="64.315" errors="0" timestamp="2025-05-19T01:58:02 IST" skipped="0">
  <testcase classname="runners.TestRunner" name="runScenario" time="3.546"/>
  <testcase classname="runners.TestRunner" name="runScenario" time="4.062"/>
  <testcase classname="runners.TestRunner" name="runScenario" time="56.707"/>
</testsuite> <!-- runners.TestRunner -->
